<?xml version="1.0" encoding="UTF-8"?>
<testsuite xmlns:xsi="http://www.w3.org/2001/XMLSchema-instance" xsi:noNamespaceSchemaLocation="https://maven.apache.org/surefire/maven-surefire-plugin/xsd/surefire-test-report-3.0.xsd" version="3.0" name="TestSuite" time="271.432" tests="1" errors="0" skipped="0" failures="0">
  <properties>
    <property name="sun.desktop" value="windows"/>
    <property name="awt.toolkit" value="sun.awt.windows.WToolkit"/>
    <property name="file.encoding.pkg" value="sun.io"/>
    <property name="java.specification.version" value="1.8"/>
    <property name="webdriver.chrome.driver" value="C:\Users\Murugan\.cache\selenium\chromedriver\win32\98.0.4758.102\chromedriver.exe"/>
    <property name="sun.cpu.isalist" value="amd64"/>
    <property name="sun.jnu.encoding" value="Cp1252"/>
    <property name="java.class.path" value="D:\Workspace\Amazon_Relay_Compare_TR_To_Booking\target\test-classes;D:\Workspace\Amazon_Relay_Compare_TR_To_Booking\target\classes;C:\Users\Murugan\.m2\repository\org\seleniumhq\selenium\selenium-java\3.141.59\selenium-java-3.141.59.jar;C:\Users\Murugan\.m2\repository\org\seleniumhq\selenium\selenium-api\3.141.59\selenium-api-3.141.59.jar;C:\Users\Murugan\.m2\repository\org\seleniumhq\selenium\selenium-chrome-driver\3.141.59\selenium-chrome-driver-3.141.59.jar;C:\Users\Murugan\.m2\repository\org\seleniumhq\selenium\selenium-edge-driver\3.141.59\selenium-edge-driver-3.141.59.jar;C:\Users\Murugan\.m2\repository\org\seleniumhq\selenium\selenium-firefox-driver\3.141.59\selenium-firefox-driver-3.141.59.jar;C:\Users\Murugan\.m2\repository\org\seleniumhq\selenium\selenium-ie-driver\3.141.59\selenium-ie-driver-3.141.59.jar;C:\Users\Murugan\.m2\repository\org\seleniumhq\selenium\selenium-opera-driver\3.141.59\selenium-opera-driver-3.141.59.jar;C:\Users\Murugan\.m2\repository\org\seleniumhq\selenium\selenium-remote-driver\3.141.59\selenium-remote-driver-3.141.59.jar;C:\Users\Murugan\.m2\repository\org\seleniumhq\selenium\selenium-safari-driver\3.141.59\selenium-safari-driver-3.141.59.jar;C:\Users\Murugan\.m2\repository\org\seleniumhq\selenium\selenium-support\3.141.59\selenium-support-3.141.59.jar;C:\Users\Murugan\.m2\repository\net\bytebuddy\byte-buddy\1.8.15\byte-buddy-1.8.15.jar;C:\Users\Murugan\.m2\repository\org\apache\commons\commons-exec\1.3\commons-exec-1.3.jar;C:\Users\Murugan\.m2\repository\com\google\guava\guava\25.0-jre\guava-25.0-jre.jar;C:\Users\Murugan\.m2\repository\com\google\code\findbugs\jsr305\1.3.9\jsr305-1.3.9.jar;C:\Users\Murugan\.m2\repository\org\checkerframework\checker-compat-qual\2.0.0\checker-compat-qual-2.0.0.jar;C:\Users\Murugan\.m2\repository\com\google\errorprone\error_prone_annotations\2.1.3\error_prone_annotations-2.1.3.jar;C:\Users\Murugan\.m2\repository\com\google\j2objc\j2objc-annotations\1.1\j2objc-annotations-1.1.jar;C:\Users\Murugan\.m2\repository\org\codehaus\mojo\animal-sniffer-annotations\1.14\animal-sniffer-annotations-1.14.jar;C:\Users\Murugan\.m2\repository\com\squareup\okhttp3\okhttp\3.11.0\okhttp-3.11.0.jar;C:\Users\Murugan\.m2\repository\com\squareup\okio\okio\1.14.0\okio-1.14.0.jar;C:\Users\Murugan\.m2\repository\io\github\bonigarcia\webdrivermanager\4.4.0\webdrivermanager-4.4.0.jar;C:\Users\Murugan\.m2\repository\org\slf4j\slf4j-api\1.7.30\slf4j-api-1.7.30.jar;C:\Users\Murugan\.m2\repository\commons-io\commons-io\2.8.0\commons-io-2.8.0.jar;C:\Users\Murugan\.m2\repository\com\google\code\gson\gson\2.8.6\gson-2.8.6.jar;C:\Users\Murugan\.m2\repository\org\apache\commons\commons-lang3\3.12.0\commons-lang3-3.12.0.jar;C:\Users\Murugan\.m2\repository\org\apache\httpcomponents\client5\httpclient5\5.0.3\httpclient5-5.0.3.jar;C:\Users\Murugan\.m2\repository\org\apache\httpcomponents\core5\httpcore5\5.0.2\httpcore5-5.0.2.jar;C:\Users\Murugan\.m2\repository\org\apache\httpcomponents\core5\httpcore5-h2\5.0.2\httpcore5-h2-5.0.2.jar;C:\Users\Murugan\.m2\repository\org\rauschig\jarchivelib\1.1.0\jarchivelib-1.1.0.jar;C:\Users\Murugan\.m2\repository\org\jsoup\jsoup\1.13.1\jsoup-1.13.1.jar;C:\Users\Murugan\.m2\repository\org\testng\testng\6.14.3\testng-6.14.3.jar;C:\Users\Murugan\.m2\repository\org\apache-extras\beanshell\bsh\2.0b6\bsh-2.0b6.jar;C:\Users\Murugan\.m2\repository\com\beust\jcommander\1.72\jcommander-1.72.jar;C:\Users\Murugan\.m2\repository\junit\junit\4.12\junit-4.12.jar;C:\Users\Murugan\.m2\repository\org\hamcrest\hamcrest-core\1.3\hamcrest-core-1.3.jar;C:\Users\Murugan\.m2\repository\org\hamcrest\hamcrest-all\1.3\hamcrest-all-1.3.jar;C:\Users\Murugan\.m2\repository\io\rest-assured\rest-assured\4.3.0\rest-assured-4.3.0.jar;C:\Users\Murugan\.m2\repository\org\codehaus\groovy\groovy\3.0.2\groovy-3.0.2.jar;C:\Users\Murugan\.m2\repository\org\codehaus\groovy\groovy-xml\3.0.2\groovy-xml-3.0.2.jar;C:\Users\Murugan\.m2\repository\org\apache\httpcomponents\httpclient\4.5.3\httpclient-4.5.3.jar;C:\Users\Murugan\.m2\repository\org\apache\httpcomponents\httpcore\4.4.6\httpcore-4.4.6.jar;C:\Users\Murugan\.m2\repository\commons-logging\commons-logging\1.2\commons-logging-1.2.jar;C:\Users\Murugan\.m2\repository\org\apache\httpcomponents\httpmime\4.5.3\httpmime-4.5.3.jar;C:\Users\Murugan\.m2\repository\org\hamcrest\hamcrest\2.1\hamcrest-2.1.jar;C:\Users\Murugan\.m2\repository\org\ccil\cowan\tagsoup\tagsoup\1.2.1\tagsoup-1.2.1.jar;C:\Users\Murugan\.m2\repository\io\rest-assured\json-path\4.3.0\json-path-4.3.0.jar;C:\Users\Murugan\.m2\repository\org\codehaus\groovy\groovy-json\3.0.2\groovy-json-3.0.2.jar;C:\Users\Murugan\.m2\repository\io\rest-assured\rest-assured-common\4.3.0\rest-assured-common-4.3.0.jar;C:\Users\Murugan\.m2\repository\io\rest-assured\xml-path\4.3.0\xml-path-4.3.0.jar;C:\Users\Murugan\.m2\repository\jakarta\xml\bind\jakarta.xml.bind-api\2.3.2\jakarta.xml.bind-api-2.3.2.jar;C:\Users\Murugan\.m2\repository\jakarta\activation\jakarta.activation-api\1.2.1\jakarta.activation-api-1.2.1.jar;C:\Users\Murugan\.m2\repository\com\sun\xml\bind\jaxb-osgi\2.3.0.1\jaxb-osgi-2.3.0.1.jar;C:\Users\Murugan\.m2\repository\org\apache\sling\org.apache.sling.javax.activation\0.1.0\org.apache.sling.javax.activation-0.1.0.jar;C:\Users\Murugan\.m2\repository\javax\activation\activation\1.1.1\activation-1.1.1.jar;C:\Users\Murugan\.m2\repository\com\googlecode\json-simple\json-simple\1.1.1\json-simple-1.1.1.jar;C:\Users\Murugan\.m2\repository\com\mashape\unirest\unirest-java\1.4.9\unirest-java-1.4.9.jar;C:\Users\Murugan\.m2\repository\org\apache\httpcomponents\httpasyncclient\4.1.1\httpasyncclient-4.1.1.jar;C:\Users\Murugan\.m2\repository\org\apache\httpcomponents\httpcore-nio\4.4.4\httpcore-nio-4.4.4.jar;C:\Users\Murugan\.m2\repository\org\json\json\20160212\json-20160212.jar;C:\Users\Murugan\.m2\repository\org\apache\poi\poi\5.0.0\poi-5.0.0.jar;C:\Users\Murugan\.m2\repository\org\slf4j\jcl-over-slf4j\1.7.30\jcl-over-slf4j-1.7.30.jar;C:\Users\Murugan\.m2\repository\commons-codec\commons-codec\1.15\commons-codec-1.15.jar;C:\Users\Murugan\.m2\repository\org\apache\commons\commons-collections4\4.4\commons-collections4-4.4.jar;C:\Users\Murugan\.m2\repository\org\apache\commons\commons-math3\3.6.1\commons-math3-3.6.1.jar;C:\Users\Murugan\.m2\repository\com\zaxxer\SparseBitSet\1.2\SparseBitSet-1.2.jar;C:\Users\Murugan\.m2\repository\org\apache\poi\poi-ooxml\5.0.0\poi-ooxml-5.0.0.jar;C:\Users\Murugan\.m2\repository\org\apache\poi\poi-ooxml-lite\5.0.0\poi-ooxml-lite-5.0.0.jar;C:\Users\Murugan\.m2\repository\org\apache\xmlbeans\xmlbeans\4.0.0\xmlbeans-4.0.0.jar;C:\Users\Murugan\.m2\repository\xml-apis\xml-apis\1.4.01\xml-apis-1.4.01.jar;C:\Users\Murugan\.m2\repository\org\apache\commons\commons-compress\1.20\commons-compress-1.20.jar;C:\Users\Murugan\.m2\repository\com\github\virtuald\curvesapi\1.06\curvesapi-1.06.jar;C:\Users\Murugan\.m2\repository\org\bouncycastle\bcpkix-jdk15on\1.68\bcpkix-jdk15on-1.68.jar;C:\Users\Murugan\.m2\repository\org\bouncycastle\bcprov-jdk15on\1.68\bcprov-jdk15on-1.68.jar;C:\Users\Murugan\.m2\repository\org\apache\santuario\xmlsec\2.2.1\xmlsec-2.2.1.jar;C:\Users\Murugan\.m2\repository\com\fasterxml\woodstox\woodstox-core\5.2.1\woodstox-core-5.2.1.jar;C:\Users\Murugan\.m2\repository\org\codehaus\woodstox\stax2-api\4.2\stax2-api-4.2.jar;C:\Users\Murugan\.m2\repository\org\apache\xmlgraphics\batik-all\1.13\batik-all-1.13.jar;C:\Users\Murugan\.m2\repository\org\apache\xmlgraphics\batik-anim\1.13\batik-anim-1.13.jar;C:\Users\Murugan\.m2\repository\org\apache\xmlgraphics\batik-shared-resources\1.13\batik-shared-resources-1.13.jar;C:\Users\Murugan\.m2\repository\xml-apis\xml-apis-ext\1.3.04\xml-apis-ext-1.3.04.jar;C:\Users\Murugan\.m2\repository\org\apache\xmlgraphics\batik-awt-util\1.13\batik-awt-util-1.13.jar;C:\Users\Murugan\.m2\repository\org\apache\xmlgraphics\xmlgraphics-commons\2.4\xmlgraphics-commons-2.4.jar;C:\Users\Murugan\.m2\repository\org\apache\xmlgraphics\batik-bridge\1.13\batik-bridge-1.13.jar;C:\Users\Murugan\.m2\repository\org\apache\xmlgraphics\batik-codec\1.13\batik-codec-1.13.jar;C:\Users\Murugan\.m2\repository\org\apache\xmlgraphics\batik-constants\1.13\batik-constants-1.13.jar;C:\Users\Murugan\.m2\repository\org\apache\xmlgraphics\batik-css\1.13\batik-css-1.13.jar;C:\Users\Murugan\.m2\repository\org\apache\xmlgraphics\batik-dom\1.13\batik-dom-1.13.jar;C:\Users\Murugan\.m2\repository\xalan\xalan\2.7.2\xalan-2.7.2.jar;C:\Users\Murugan\.m2\repository\xalan\serializer\2.7.2\serializer-2.7.2.jar;C:\Users\Murugan\.m2\repository\org\apache\xmlgraphics\batik-ext\1.13\batik-ext-1.13.jar;C:\Users\Murugan\.m2\repository\org\apache\xmlgraphics\batik-extension\1.13\batik-extension-1.13.jar;C:\Users\Murugan\.m2\repository\org\apache\xmlgraphics\batik-gui-util\1.13\batik-gui-util-1.13.jar;C:\Users\Murugan\.m2\repository\org\apache\xmlgraphics\batik-gvt\1.13\batik-gvt-1.13.jar;C:\Users\Murugan\.m2\repository\org\apache\xmlgraphics\batik-i18n\1.13\batik-i18n-1.13.jar;C:\Users\Murugan\.m2\repository\org\apache\xmlgraphics\batik-parser\1.13\batik-parser-1.13.jar;C:\Users\Murugan\.m2\repository\org\apache\xmlgraphics\batik-rasterizer-ext\1.13\batik-rasterizer-ext-1.13.jar;C:\Users\Murugan\.m2\repository\org\apache\xmlgraphics\batik-rasterizer\1.13\batik-rasterizer-1.13.jar;C:\Users\Murugan\.m2\repository\org\apache\xmlgraphics\batik-script\1.13\batik-script-1.13.jar;C:\Users\Murugan\.m2\repository\org\apache\xmlgraphics\batik-slideshow\1.13\batik-slideshow-1.13.jar;C:\Users\Murugan\.m2\repository\org\apache\xmlgraphics\batik-squiggle-ext\1.13\batik-squiggle-ext-1.13.jar;C:\Users\Murugan\.m2\repository\org\apache\xmlgraphics\batik-squiggle\1.13\batik-squiggle-1.13.jar;C:\Users\Murugan\.m2\repository\org\apache\xmlgraphics\batik-svg-dom\1.13\batik-svg-dom-1.13.jar;C:\Users\Murugan\.m2\repository\org\apache\xmlgraphics\batik-svgbrowser\1.13\batik-svgbrowser-1.13.jar;C:\Users\Murugan\.m2\repository\org\apache\xmlgraphics\batik-svggen\1.13\batik-svggen-1.13.jar;C:\Users\Murugan\.m2\repository\org\apache\xmlgraphics\batik-svgpp\1.13\batik-svgpp-1.13.jar;C:\Users\Murugan\.m2\repository\org\apache\xmlgraphics\batik-svgrasterizer\1.13\batik-svgrasterizer-1.13.jar;C:\Users\Murugan\.m2\repository\org\apache\xmlgraphics\batik-swing\1.13\batik-swing-1.13.jar;C:\Users\Murugan\.m2\repository\org\apache\xmlgraphics\batik-transcoder\1.13\batik-transcoder-1.13.jar;C:\Users\Murugan\.m2\repository\org\apache\xmlgraphics\batik-util\1.13\batik-util-1.13.jar;C:\Users\Murugan\.m2\repository\org\apache\xmlgraphics\batik-ttf2svg\1.13\batik-ttf2svg-1.13.jar;C:\Users\Murugan\.m2\repository\org\apache\xmlgraphics\batik-xml\1.13\batik-xml-1.13.jar;C:\Users\Murugan\.m2\repository\de\rototor\pdfbox\graphics2d\0.30\graphics2d-0.30.jar;C:\Users\Murugan\.m2\repository\org\apache\pdfbox\pdfbox\2.0.22\pdfbox-2.0.22.jar;C:\Users\Murugan\.m2\repository\org\apache\pdfbox\fontbox\2.0.22\fontbox-2.0.22.jar;"/>
    <property name="java.vm.vendor" value="Oracle Corporation"/>
    <property name="sun.arch.data.model" value="64"/>
    <property name="user.variant" value=""/>
    <property name="java.vendor.url" value="http://java.oracle.com/"/>
    <property name="user.timezone" value="Asia/Calcutta"/>
    <property name="java.vm.specification.version" value="1.8"/>
    <property name="os.name" value="Windows 10"/>
    <property name="user.country" value="US"/>
    <property name="sun.java.launcher" value="SUN_STANDARD"/>
    <property name="sun.boot.library.path" value="C:\Program Files\Java\jre1.8.0_281\bin"/>
    <property name="sun.java.command" value="C:\Users\Murugan\AppData\Local\Temp\surefire3376342049253590811\surefirebooter215243890119793328.jar C:\Users\Murugan\AppData\Local\Temp\surefire3376342049253590811 2022-03-01T10-37-56_260-jvmRun1 surefire6935912783105963809tmp surefire_01569630231575812605tmp"/>
    <property name="surefire.test.class.path" value="D:\Workspace\Amazon_Relay_Compare_TR_To_Booking\target\test-classes;D:\Workspace\Amazon_Relay_Compare_TR_To_Booking\target\classes;C:\Users\Murugan\.m2\repository\org\seleniumhq\selenium\selenium-java\3.141.59\selenium-java-3.141.59.jar;C:\Users\Murugan\.m2\repository\org\seleniumhq\selenium\selenium-api\3.141.59\selenium-api-3.141.59.jar;C:\Users\Murugan\.m2\repository\org\seleniumhq\selenium\selenium-chrome-driver\3.141.59\selenium-chrome-driver-3.141.59.jar;C:\Users\Murugan\.m2\repository\org\seleniumhq\selenium\selenium-edge-driver\3.141.59\selenium-edge-driver-3.141.59.jar;C:\Users\Murugan\.m2\repository\org\seleniumhq\selenium\selenium-firefox-driver\3.141.59\selenium-firefox-driver-3.141.59.jar;C:\Users\Murugan\.m2\repository\org\seleniumhq\selenium\selenium-ie-driver\3.141.59\selenium-ie-driver-3.141.59.jar;C:\Users\Murugan\.m2\repository\org\seleniumhq\selenium\selenium-opera-driver\3.141.59\selenium-opera-driver-3.141.59.jar;C:\Users\Murugan\.m2\repository\org\seleniumhq\selenium\selenium-remote-driver\3.141.59\selenium-remote-driver-3.141.59.jar;C:\Users\Murugan\.m2\repository\org\seleniumhq\selenium\selenium-safari-driver\3.141.59\selenium-safari-driver-3.141.59.jar;C:\Users\Murugan\.m2\repository\org\seleniumhq\selenium\selenium-support\3.141.59\selenium-support-3.141.59.jar;C:\Users\Murugan\.m2\repository\net\bytebuddy\byte-buddy\1.8.15\byte-buddy-1.8.15.jar;C:\Users\Murugan\.m2\repository\org\apache\commons\commons-exec\1.3\commons-exec-1.3.jar;C:\Users\Murugan\.m2\repository\com\google\guava\guava\25.0-jre\guava-25.0-jre.jar;C:\Users\Murugan\.m2\repository\com\google\code\findbugs\jsr305\1.3.9\jsr305-1.3.9.jar;C:\Users\Murugan\.m2\repository\org\checkerframework\checker-compat-qual\2.0.0\checker-compat-qual-2.0.0.jar;C:\Users\Murugan\.m2\repository\com\google\errorprone\error_prone_annotations\2.1.3\error_prone_annotations-2.1.3.jar;C:\Users\Murugan\.m2\repository\com\google\j2objc\j2objc-annotations\1.1\j2objc-annotations-1.1.jar;C:\Users\Murugan\.m2\repository\org\codehaus\mojo\animal-sniffer-annotations\1.14\animal-sniffer-annotations-1.14.jar;C:\Users\Murugan\.m2\repository\com\squareup\okhttp3\okhttp\3.11.0\okhttp-3.11.0.jar;C:\Users\Murugan\.m2\repository\com\squareup\okio\okio\1.14.0\okio-1.14.0.jar;C:\Users\Murugan\.m2\repository\io\github\bonigarcia\webdrivermanager\4.4.0\webdrivermanager-4.4.0.jar;C:\Users\Murugan\.m2\repository\org\slf4j\slf4j-api\1.7.30\slf4j-api-1.7.30.jar;C:\Users\Murugan\.m2\repository\commons-io\commons-io\2.8.0\commons-io-2.8.0.jar;C:\Users\Murugan\.m2\repository\com\google\code\gson\gson\2.8.6\gson-2.8.6.jar;C:\Users\Murugan\.m2\repository\org\apache\commons\commons-lang3\3.12.0\commons-lang3-3.12.0.jar;C:\Users\Murugan\.m2\repository\org\apache\httpcomponents\client5\httpclient5\5.0.3\httpclient5-5.0.3.jar;C:\Users\Murugan\.m2\repository\org\apache\httpcomponents\core5\httpcore5\5.0.2\httpcore5-5.0.2.jar;C:\Users\Murugan\.m2\repository\org\apache\httpcomponents\core5\httpcore5-h2\5.0.2\httpcore5-h2-5.0.2.jar;C:\Users\Murugan\.m2\repository\org\rauschig\jarchivelib\1.1.0\jarchivelib-1.1.0.jar;C:\Users\Murugan\.m2\repository\org\jsoup\jsoup\1.13.1\jsoup-1.13.1.jar;C:\Users\Murugan\.m2\repository\org\testng\testng\6.14.3\testng-6.14.3.jar;C:\Users\Murugan\.m2\repository\org\apache-extras\beanshell\bsh\2.0b6\bsh-2.0b6.jar;C:\Users\Murugan\.m2\repository\com\beust\jcommander\1.72\jcommander-1.72.jar;C:\Users\Murugan\.m2\repository\junit\junit\4.12\junit-4.12.jar;C:\Users\Murugan\.m2\repository\org\hamcrest\hamcrest-core\1.3\hamcrest-core-1.3.jar;C:\Users\Murugan\.m2\repository\org\hamcrest\hamcrest-all\1.3\hamcrest-all-1.3.jar;C:\Users\Murugan\.m2\repository\io\rest-assured\rest-assured\4.3.0\rest-assured-4.3.0.jar;C:\Users\Murugan\.m2\repository\org\codehaus\groovy\groovy\3.0.2\groovy-3.0.2.jar;C:\Users\Murugan\.m2\repository\org\codehaus\groovy\groovy-xml\3.0.2\groovy-xml-3.0.2.jar;C:\Users\Murugan\.m2\repository\org\apache\httpcomponents\httpclient\4.5.3\httpclient-4.5.3.jar;C:\Users\Murugan\.m2\repository\org\apache\httpcomponents\httpcore\4.4.6\httpcore-4.4.6.jar;C:\Users\Murugan\.m2\repository\commons-logging\commons-logging\1.2\commons-logging-1.2.jar;C:\Users\Murugan\.m2\repository\org\apache\httpcomponents\httpmime\4.5.3\httpmime-4.5.3.jar;C:\Users\Murugan\.m2\repository\org\hamcrest\hamcrest\2.1\hamcrest-2.1.jar;C:\Users\Murugan\.m2\repository\org\ccil\cowan\tagsoup\tagsoup\1.2.1\tagsoup-1.2.1.jar;C:\Users\Murugan\.m2\repository\io\rest-assured\json-path\4.3.0\json-path-4.3.0.jar;C:\Users\Murugan\.m2\repository\org\codehaus\groovy\groovy-json\3.0.2\groovy-json-3.0.2.jar;C:\Users\Murugan\.m2\repository\io\rest-assured\rest-assured-common\4.3.0\rest-assured-common-4.3.0.jar;C:\Users\Murugan\.m2\repository\io\rest-assured\xml-path\4.3.0\xml-path-4.3.0.jar;C:\Users\Murugan\.m2\repository\jakarta\xml\bind\jakarta.xml.bind-api\2.3.2\jakarta.xml.bind-api-2.3.2.jar;C:\Users\Murugan\.m2\repository\jakarta\activation\jakarta.activation-api\1.2.1\jakarta.activation-api-1.2.1.jar;C:\Users\Murugan\.m2\repository\com\sun\xml\bind\jaxb-osgi\2.3.0.1\jaxb-osgi-2.3.0.1.jar;C:\Users\Murugan\.m2\repository\org\apache\sling\org.apache.sling.javax.activation\0.1.0\org.apache.sling.javax.activation-0.1.0.jar;C:\Users\Murugan\.m2\repository\javax\activation\activation\1.1.1\activation-1.1.1.jar;C:\Users\Murugan\.m2\repository\com\googlecode\json-simple\json-simple\1.1.1\json-simple-1.1.1.jar;C:\Users\Murugan\.m2\repository\com\mashape\unirest\unirest-java\1.4.9\unirest-java-1.4.9.jar;C:\Users\Murugan\.m2\repository\org\apache\httpcomponents\httpasyncclient\4.1.1\httpasyncclient-4.1.1.jar;C:\Users\Murugan\.m2\repository\org\apache\httpcomponents\httpcore-nio\4.4.4\httpcore-nio-4.4.4.jar;C:\Users\Murugan\.m2\repository\org\json\json\20160212\json-20160212.jar;C:\Users\Murugan\.m2\repository\org\apache\poi\poi\5.0.0\poi-5.0.0.jar;C:\Users\Murugan\.m2\repository\org\slf4j\jcl-over-slf4j\1.7.30\jcl-over-slf4j-1.7.30.jar;C:\Users\Murugan\.m2\repository\commons-codec\commons-codec\1.15\commons-codec-1.15.jar;C:\Users\Murugan\.m2\repository\org\apache\commons\commons-collections4\4.4\commons-collections4-4.4.jar;C:\Users\Murugan\.m2\repository\org\apache\commons\commons-math3\3.6.1\commons-math3-3.6.1.jar;C:\Users\Murugan\.m2\repository\com\zaxxer\SparseBitSet\1.2\SparseBitSet-1.2.jar;C:\Users\Murugan\.m2\repository\org\apache\poi\poi-ooxml\5.0.0\poi-ooxml-5.0.0.jar;C:\Users\Murugan\.m2\repository\org\apache\poi\poi-ooxml-lite\5.0.0\poi-ooxml-lite-5.0.0.jar;C:\Users\Murugan\.m2\repository\org\apache\xmlbeans\xmlbeans\4.0.0\xmlbeans-4.0.0.jar;C:\Users\Murugan\.m2\repository\xml-apis\xml-apis\1.4.01\xml-apis-1.4.01.jar;C:\Users\Murugan\.m2\repository\org\apache\commons\commons-compress\1.20\commons-compress-1.20.jar;C:\Users\Murugan\.m2\repository\com\github\virtuald\curvesapi\1.06\curvesapi-1.06.jar;C:\Users\Murugan\.m2\repository\org\bouncycastle\bcpkix-jdk15on\1.68\bcpkix-jdk15on-1.68.jar;C:\Users\Murugan\.m2\repository\org\bouncycastle\bcprov-jdk15on\1.68\bcprov-jdk15on-1.68.jar;C:\Users\Murugan\.m2\repository\org\apache\santuario\xmlsec\2.2.1\xmlsec-2.2.1.jar;C:\Users\Murugan\.m2\repository\com\fasterxml\woodstox\woodstox-core\5.2.1\woodstox-core-5.2.1.jar;C:\Users\Murugan\.m2\repository\org\codehaus\woodstox\stax2-api\4.2\stax2-api-4.2.jar;C:\Users\Murugan\.m2\repository\org\apache\xmlgraphics\batik-all\1.13\batik-all-1.13.jar;C:\Users\Murugan\.m2\repository\org\apache\xmlgraphics\batik-anim\1.13\batik-anim-1.13.jar;C:\Users\Murugan\.m2\repository\org\apache\xmlgraphics\batik-shared-resources\1.13\batik-shared-resources-1.13.jar;C:\Users\Murugan\.m2\repository\xml-apis\xml-apis-ext\1.3.04\xml-apis-ext-1.3.04.jar;C:\Users\Murugan\.m2\repository\org\apache\xmlgraphics\batik-awt-util\1.13\batik-awt-util-1.13.jar;C:\Users\Murugan\.m2\repository\org\apache\xmlgraphics\xmlgraphics-commons\2.4\xmlgraphics-commons-2.4.jar;C:\Users\Murugan\.m2\repository\org\apache\xmlgraphics\batik-bridge\1.13\batik-bridge-1.13.jar;C:\Users\Murugan\.m2\repository\org\apache\xmlgraphics\batik-codec\1.13\batik-codec-1.13.jar;C:\Users\Murugan\.m2\repository\org\apache\xmlgraphics\batik-constants\1.13\batik-constants-1.13.jar;C:\Users\Murugan\.m2\repository\org\apache\xmlgraphics\batik-css\1.13\batik-css-1.13.jar;C:\Users\Murugan\.m2\repository\org\apache\xmlgraphics\batik-dom\1.13\batik-dom-1.13.jar;C:\Users\Murugan\.m2\repository\xalan\xalan\2.7.2\xalan-2.7.2.jar;C:\Users\Murugan\.m2\repository\xalan\serializer\2.7.2\serializer-2.7.2.jar;C:\Users\Murugan\.m2\repository\org\apache\xmlgraphics\batik-ext\1.13\batik-ext-1.13.jar;C:\Users\Murugan\.m2\repository\org\apache\xmlgraphics\batik-extension\1.13\batik-extension-1.13.jar;C:\Users\Murugan\.m2\repository\org\apache\xmlgraphics\batik-gui-util\1.13\batik-gui-util-1.13.jar;C:\Users\Murugan\.m2\repository\org\apache\xmlgraphics\batik-gvt\1.13\batik-gvt-1.13.jar;C:\Users\Murugan\.m2\repository\org\apache\xmlgraphics\batik-i18n\1.13\batik-i18n-1.13.jar;C:\Users\Murugan\.m2\repository\org\apache\xmlgraphics\batik-parser\1.13\batik-parser-1.13.jar;C:\Users\Murugan\.m2\repository\org\apache\xmlgraphics\batik-rasterizer-ext\1.13\batik-rasterizer-ext-1.13.jar;C:\Users\Murugan\.m2\repository\org\apache\xmlgraphics\batik-rasterizer\1.13\batik-rasterizer-1.13.jar;C:\Users\Murugan\.m2\repository\org\apache\xmlgraphics\batik-script\1.13\batik-script-1.13.jar;C:\Users\Murugan\.m2\repository\org\apache\xmlgraphics\batik-slideshow\1.13\batik-slideshow-1.13.jar;C:\Users\Murugan\.m2\repository\org\apache\xmlgraphics\batik-squiggle-ext\1.13\batik-squiggle-ext-1.13.jar;C:\Users\Murugan\.m2\repository\org\apache\xmlgraphics\batik-squiggle\1.13\batik-squiggle-1.13.jar;C:\Users\Murugan\.m2\repository\org\apache\xmlgraphics\batik-svg-dom\1.13\batik-svg-dom-1.13.jar;C:\Users\Murugan\.m2\repository\org\apache\xmlgraphics\batik-svgbrowser\1.13\batik-svgbrowser-1.13.jar;C:\Users\Murugan\.m2\repository\org\apache\xmlgraphics\batik-svggen\1.13\batik-svggen-1.13.jar;C:\Users\Murugan\.m2\repository\org\apache\xmlgraphics\batik-svgpp\1.13\batik-svgpp-1.13.jar;C:\Users\Murugan\.m2\repository\org\apache\xmlgraphics\batik-svgrasterizer\1.13\batik-svgrasterizer-1.13.jar;C:\Users\Murugan\.m2\repository\org\apache\xmlgraphics\batik-swing\1.13\batik-swing-1.13.jar;C:\Users\Murugan\.m2\repository\org\apache\xmlgraphics\batik-transcoder\1.13\batik-transcoder-1.13.jar;C:\Users\Murugan\.m2\repository\org\apache\xmlgraphics\batik-util\1.13\batik-util-1.13.jar;C:\Users\Murugan\.m2\repository\org\apache\xmlgraphics\batik-ttf2svg\1.13\batik-ttf2svg-1.13.jar;C:\Users\Murugan\.m2\repository\org\apache\xmlgraphics\batik-xml\1.13\batik-xml-1.13.jar;C:\Users\Murugan\.m2\repository\de\rototor\pdfbox\graphics2d\0.30\graphics2d-0.30.jar;C:\Users\Murugan\.m2\repository\org\apache\pdfbox\pdfbox\2.0.22\pdfbox-2.0.22.jar;C:\Users\Murugan\.m2\repository\org\apache\pdfbox\fontbox\2.0.22\fontbox-2.0.22.jar;"/>
    <property name="sun.cpu.endian" value="little"/>
    <property name="user.home" value="C:\Users\Murugan"/>
    <property name="user.language" value="en"/>
    <property name="java.specification.vendor" value="Oracle Corporation"/>
    <property name="java.home" value="C:\Program Files\Java\jre1.8.0_281"/>
    <property name="basedir" value="D:\Workspace\Amazon_Relay_Compare_TR_To_Booking"/>
    <property name="file.separator" value="\"/>
    <property name="line.separator" value="&#10;"/>
    <property name="java.vm.specification.vendor" value="Oracle Corporation"/>
    <property name="java.specification.name" value="Java Platform API Specification"/>
    <property name="java.awt.graphicsenv" value="sun.awt.Win32GraphicsEnvironment"/>
    <property name="surefire.real.class.path" value="C:\Users\Murugan\AppData\Local\Temp\surefire3376342049253590811\surefirebooter215243890119793328.jar"/>
    <property name="sun.boot.class.path" value="C:\Program Files\Java\jre1.8.0_281\lib\resources.jar;C:\Program Files\Java\jre1.8.0_281\lib\rt.jar;C:\Program Files\Java\jre1.8.0_281\lib\sunrsasign.jar;C:\Program Files\Java\jre1.8.0_281\lib\jsse.jar;C:\Program Files\Java\jre1.8.0_281\lib\jce.jar;C:\Program Files\Java\jre1.8.0_281\lib\charsets.jar;C:\Program Files\Java\jre1.8.0_281\lib\jfr.jar;C:\Program Files\Java\jre1.8.0_281\classes"/>
    <property name="user.script" value=""/>
    <property name="sun.management.compiler" value="HotSpot 64-Bit Tiered Compilers"/>
    <property name="java.runtime.version" value="1.8.0_281-b09"/>
    <property name="user.name" value="Murugan"/>
    <property name="path.separator" value=";"/>
    <property name="os.version" value="10.0"/>
    <property name="java.endorsed.dirs" value="C:\Program Files\Java\jre1.8.0_281\lib\endorsed"/>
    <property name="java.runtime.name" value="Java(TM) SE Runtime Environment"/>
    <property name="file.encoding" value="Cp1252"/>
    <property name="java.vm.name" value="Java HotSpot(TM) 64-Bit Server VM"/>
    <property name="localRepository" value="C:\Users\Murugan\.m2\repository"/>
    <property name="java.vendor.url.bug" value="http://bugreport.sun.com/bugreport/"/>
    <property name="java.io.tmpdir" value="C:\Users\Murugan\AppData\Local\Temp\"/>
    <property name="java.version" value="1.8.0_281"/>
    <property name="user.dir" value="D:\Workspace\Amazon_Relay_Compare_TR_To_Booking"/>
    <property name="os.arch" value="amd64"/>
    <property name="java.vm.specification.name" value="Java Virtual Machine Specification"/>
    <property name="java.awt.printerjob" value="sun.awt.windows.WPrinterJob"/>
    <property name="sun.os.patch.level" value=""/>
    <property name="java.library.path" value="C:\Program Files\Java\jre1.8.0_281\bin;C:\Windows\Sun\Java\bin;C:\Windows\system32;C:\Windows;C:/Program Files/Java/jre1.8.0_281/bin/server;C:/Program Files/Java/jre1.8.0_281/bin;C:/Program Files/Java/jre1.8.0_281/lib/amd64;C:\Program Files (x86)\Common Files\Oracle\Java\javapath;C:\Windows\system32;C:\Windows;C:\Windows\System32\Wbem;C:\Windows\System32\WindowsPowerShell\v1.0\;C:\Windows\System32\OpenSSH\;C:\Program Files\Java\jdk1.8.0_281\bin;D:\SETUP\apache-maven-3.8.3-bin\apache-maven-3.8.3\bin;C:\Users\Murugan\AppData\Local\Microsoft\WindowsApps;C:\Users\Murugan\AppData\Local\Programs\Git\cmd;D:\SETUP\eclipse-committers-oxygen-3a-win32-x86_64\eclipse;;."/>
    <property name="java.vm.info" value="mixed mode"/>
    <property name="java.vendor" value="Oracle Corporation"/>
    <property name="java.vm.version" value="25.281-b09"/>
    <property name="java.ext.dirs" value="C:\Program Files\Java\jre1.8.0_281\lib\ext;C:\Windows\Sun\Java\lib\ext"/>
    <property name="sun.io.unicode.encoding" value="UnicodeLittle"/>
    <property name="java.class.version" value="52.0"/>
  </properties>
  <testcase name="amazon_relay[mohanavelk@wowtruck.in, wowtruck](1)" classname="amazon.ExecuteClass" time="270.495">
    <system-out><![CDATA[empty : [1]
All head Pickup ID Size : 47
All head Pickup ID Size : [1MHYD8,750.00, 1SCCE31,829.11, 1MAA853,900.00, 1MAA849,625.00, 1KOLY1,342.96, 1SPNC34,650.00, 1UCCU17,000.00, 1SBOB39,500.01, 1HSCK29,255.42, 1MAA826,964.12, 1BLR437,275.01, 1MAA840,000.00, 1DELU69,500.00, 1CCUY19,428.00, 1DEL254,250.00, 1PTJM4,052.89, 1MAA826,964.12, 1MAA849,000.00, 1MAA843,925.00, 1CCUY37,750.00, 1MAA819,800.00, 1CCUY17,809.00, 1SJAC6,948.33, 1SPNC31,500.00, 1MAA460,000.01, 1SBOB40,000.00, 1MBOX5,105.78, 1HSCK27,599.45, 1MAA825,437.85, 1MAA842,000.00, 1CCU153,550.00, 1CCUY37,250.01, 1DELU69,750.00, 1MAA825,437.85, 1CCUY17,809.00, 1HSCK27,599.45, 1DEL223,000.00, 1HSCK27,599.45, 1DEL224,000.00, 1DEL220,500.00, 1HSCK27,599.45, 1DEL220,250.00, 1HSCK27,599.45, 1HSCK27,599.45, 1HSCK27,599.45, 1HSCK27,599.45, 1HSCK27,599.45]
Pickup Id Size : 47
Pickup Id Size : [1MHYD8,750.00, 1SCCE31,829.11, 1MAA853,900.00, 1MAA849,625.00, 1KOLY700.67, 1SPNC34,650.00, 1UCCU17,000.00, 1SBOB39,500.01, 1HSCK29,255.42, 1MAA826,964.12, 1BLR437,275.01, 1MAA840,000.00, 1DELU69,500.00, 1CCUY19,428.00, 1DEL254,250.00, 1PTJM4,052.89, 1MAA826,964.12, 1MAA849,000.00, 1MAA843,925.00, 1CCUY37,750.00, 1MAA819,800.00, 1CCUY17,809.00, 1SJAC6,948.33, 1SPNC31,500.00, 1MAA460,000.01, 1SBOB40,000.00, 1MBOX5,105.78, 1HSCK27,599.45, 1MAA825,437.85, 1MAA842,000.00, 1CCU153,550.00, 1CCUY37,250.01, 1DELU69,750.00, 1MAA825,437.85, 1CCUY17,809.00, 1HSCK27,599.45, 1DEL223,000.00, 1HSCK27,599.45, 1DEL224,000.00, 1DEL220,500.00, 1HSCK27,599.45, 1DEL220,250.00, 1HSCK27,599.45, 1HSCK27,599.45, 1HSCK27,599.45, 1HSCK27,599.45, 1HSCK27,599.45]
Want to Click : [4]
Arrival pickup date Size : 47
Price all data Size : 47
Pickup Truck Size : 47
All TR ID Size : 47
Second Tr : [N/A, N/A, N/A, N/A, C4BBC3, N/A, N/A, N/A, N/A, N/A, N/A, N/A, N/A, N/A, N/A, N/A, N/A, N/A, N/A, N/A, N/A, N/A, N/A, N/A, N/A, N/A, N/A, N/A, N/A, N/A, N/A, N/A, N/A, N/A, N/A, N/A, N/A, N/A, N/A, N/A, N/A, N/A, N/A, N/A, N/A, N/A, N/A]
Second Tr Size : 47
{"pick_timestamp":"2022\/03\/01 13:00","customer_price":"8750.00","pic_address":[{"pic_address":"\nM\/s. Stargaze Properties Private Limited, Survey No. 1 by 1\nKancha Imarat, Raviryala, Maheshwaram Mandal, R R District\nHyderabad,TELANGANA 501510"}],"drop_address":[{"drop_address":"\n#319, Panchasheel Complex,Mancherial X Road, Beside Mahindra\nNirmal,TELANGANA 504106"},{"drop_address":"\nGeetha Nagar Near Raju Nagar Nirmal road opp: Sarswathi juni\nBhainsa\nBhainsa,TELANGANA 504103"},{"drop_address":"\nH No.4-2-263, Polawar complex, Vinayak chowk Adilabad\nAdilabad,TELANGANA 504001"}],"length":"14\u2019 Truck","tr_number":["74A9BE"]}
{"pick_timestamp":"2022\/03\/01 14:00","customer_price":"31829.11","pic_address":[{"pic_address":"\nAmta Industrial Park, Amta, Mouza: Majukhetra,Dist \u2013 Howrah\nKolkata,WEST BENGAL 711313"}],"drop_address":[{"drop_address":"\nOM ENTERPRISES\nPLOT NO 6, SECTOR 31B, I.M.T.-ROHTAK\nRohtak,HARYANA 124001"}],"length":"32' Truck","tr_number":["3C2904"]}
{"pick_timestamp":"2022\/03\/01 20:00","customer_price":"53900.00","pic_address":[{"pic_address":"\nSy No: 77-2A3, S. Murugan Industrial and Logistics Parks LLP\nNear Magna Eng.College, Thamaraipakkam\nThiruvallur,TAMIL NADU 601103"}],"drop_address":[{"drop_address":"\nKhasra numbers:444-P,445-P,459-P, 460-474,475-P,476-482\n483-P,491,492,493-P, Village Bhaukapur,Tehsil-Sarojini Nagar\nLucknow,UTTAR PRADESH 226401"}],"length":"32' Truck","tr_number":["DF2069"]}
{"pick_timestamp":"2022\/03\/02 07:00","customer_price":"49625.00","pic_address":[{"pic_address":"\nSy No: 77-2A3, S. Murugan Industrial and Logistics Parks LLP\nNear Magna Eng.College, Thamaraipakkam\nThiruvallur,TAMIL NADU 601103"}],"drop_address":[{"drop_address":"\nKhasra No 18\/\/21, 19\/\/25,34\/\/5, 7\/1 min,village Jamalpur,\nGurgaon,HARYANA 122503"}],"length":"32' Truck","tr_number":["F16544"]}
{"pick_timestamp":"2022\/03\/02 11:00","customer_price":"1342.96","pic_address":[{"pic_address":"\n118, Majherhati Road, Shahid Nani Saha Sarani, Near Majherha\nHigh School Kolkata-700049\nKolkata,WEST BENGAL 700079"}],"drop_address":[{"drop_address":"\nSANKALP LOGISTICSC 7B, METROPOLITAN CHS CANAL SOUTH\nKolkata,WEST BENGAL 700053"},{"drop_address":"\nActive Business Park, 54\/10, Debendra Chandra Dey Road.\nKolkata,WEST BENGAL 700015"},{"drop_address":"\n118, Majherhati Road, Shahid Nani Saha Sarani, Near Majherha\nHigh School Kolkata-700049\nKolkata,WEST BENGAL 700079"}],"length":"7' Truck","tr_number":["FA6874","C4BBC3"]}
{"pick_timestamp":"2022\/03\/02 12:00","customer_price":"34650.00","pic_address":[{"pic_address":"\nWadhu Chonde Warehouse,Vadu Village, Alandi Rd,Lonikand\nPune,MAHARASHTRA 412216"}],"drop_address":[{"drop_address":"\nPudur Village,Medchal Mandal,Hyderabad\nTurkapally,TELANGANA 501401"}],"length":"32' Truck","tr_number":["F66CAD"]}
{"pick_timestamp":"2022\/03\/02 12:30","customer_price":"17000.00","pic_address":[{"pic_address":"\nBuilding No. CCU1, Mouza, Amraberia,\nJ.L. No.8, Khatia No. 422, Ulberia Dist. Howrah\nKolkata,WEST BENGAL 711315"}],"drop_address":[{"drop_address":"\nThana No-49 Khata No-139,142,143,144 Khasra No-1054,1079,108\nDist- Patna, Bihar 801109\nPatna,Bihar 801105"}],"length":"32' Truck","tr_number":["3D6B53"]}
{"pick_timestamp":"2022\/03\/02 17:00","customer_price":"39500.01","pic_address":[{"pic_address":"\nF-2,Survey No. 122\/7c,122\/2,122\/1,118\/1,118\/7,131,Ayushi Spa\nMumbai -Nashik Highway , Post- Padgha,\nBhiwandi,MAHARASHTRA 421101"}],"drop_address":[{"drop_address":"\nFarrukhnagar Logistic Park LLP,Farrukhnagar\nGurugram,HARYANA 122001"}],"length":"32' Truck","tr_number":["1CC67B"]}
{"pick_timestamp":"2022\/03\/02 19:00","customer_price":"29255.42","pic_address":[{"pic_address":"\nAmta Industrial Park, Amta\nMouza, Majukhetra\nKolkata,WEST BENGAL 711401"}],"drop_address":[{"drop_address":"\nAmta Industrial Park\nAmta,WEST BENGAL 711401"},{"drop_address":"\nNear Amazon\/TCI Express W\/h\nVillage - Kanchanbari, PO -Fulbari Hat\nJalpaiguri,West Bengal 734015"}],"length":"20' Truck","tr_number":["C77765"]}
{"pick_timestamp":"2022\/03\/02 19:00","customer_price":"26964.12","pic_address":[{"pic_address":"\nSy No: 77-2A3, S. Murugan Industrial and Logistics Parks LLP\nNear Magna Eng.College, Thamaraipakkam\nThiruvallur,TAMIL NADU 601103"}],"drop_address":[{"drop_address":"\nBROADVIEW CONSTRUCTIONS AND HOLDINGS PVT LTD.\nSurvey No.153-1 153-2226-2,229-2,230-2\nCoimbatore,TAMIL NADU 641201"}],"length":"32' Truck","tr_number":["AED3CB"]}
{"pick_timestamp":"2022\/03\/02 20:00","customer_price":"37275.01","pic_address":[{"pic_address":"\nHitech, Defence and Aerospace Park, Devanahalli\nBengaluru,KARNATAKA 562149"}],"drop_address":[{"drop_address":"\nKh No 554 to 558,560 to 583,600 to 606\nBagru Rawan,N.H.8,Tehsil Sanganer\nBagru,RAJASTHAN 303007"}],"length":"32' Truck","tr_number":["11C5F9"]}
{"pick_timestamp":"2022\/03\/02 20:00","customer_price":"40000.00","pic_address":[{"pic_address":"\nSy No: 77-2A3, S. Murugan Industrial and Logistics Parks LLP\nNear Magna Eng.College, Thamaraipakkam\nThiruvallur,TAMIL NADU 601103"}],"drop_address":[{"drop_address":"\nKhasra numbers:444-P,445-P,459-P, 460-474,475-P,476-482\n483-P,491,492,493-P, Village Bhaukapur,Tehsil-Sarojini Nagar\nLucknow,UTTAR PRADESH 226401"}],"length":"32' Truck","tr_number":["E39537"]}
{"pick_timestamp":"2022\/03\/03 03:00","customer_price":"69500.00","pic_address":[{"pic_address":"\nMustkil No:51,kila No:1,2,3 village Bhangrola tehsil\nGurugram,HARYANA 122001"}],"drop_address":[{"drop_address":"\nCWC,Jatni,Near Centurion University, At-Sandhapur, P.O.Jatni\nBhubaneshwar,ORISSA 751010"}],"length":"32' Truck","tr_number":["432B7A"]}
{"pick_timestamp":"2022\/03\/03 09:00","customer_price":"19428.00","pic_address":[{"pic_address":"\nPlot 33 and 34, Arrjavv Industrial Warehouse Park,\nDankuni,WEST BENGAL 712310"}],"drop_address":[{"drop_address":"\nBuilding Nos. 1 and 2, Agsons Global Logistics Park, Agsons\nSonipat,HARYANA 131021"}],"length":"32' Truck","tr_number":["7B5FAC"]}
{"pick_timestamp":"2022\/03\/03 10:00","customer_price":"54250.00","pic_address":[{"pic_address":"\nGokaldas warehousing corporation, Village Taoru, Tehsil Taor\nGurgaon,HARYANA 122105"}],"drop_address":[{"drop_address":"\nGMR Airport City Survey No. 99\/1, Mamidipally Village\nShamshabad, Hyderabad,Telangana 500108"}],"length":"32' Truck","tr_number":["3E986C"]}
{"pick_timestamp":"2022\/03\/03 11:30","customer_price":"4052.89","pic_address":[{"pic_address":"\nABT Express,28 A , Kalingarayan Street Opp.Hotel Anandhas\nVanjipalayam,TAMIL NADU 641663"}],"drop_address":[{"drop_address":"\n#18, D.10, Settia GounderComplexBhavani Main Road, Sankagiri\nSankari,TAMIL NADU 637301"},{"drop_address":"\n16\/2A,16\/2B,16\/3B,18\/1A,, PMP Nagar, Kondalampatti\nSalem,TAMIL NADU 636201"}],"length":"17\u2019 Truck","tr_number":["B7CEC8"]}
{"pick_timestamp":"2022\/03\/03 19:00","customer_price":"26964.12","pic_address":[{"pic_address":"\nSy No: 77-2A3, S. Murugan Industrial and Logistics Parks LLP\nNear Magna Eng.College, Thamaraipakkam\nThiruvallur,TAMIL NADU 601103"}],"drop_address":[{"drop_address":"\nBROADVIEW CONSTRUCTIONS AND HOLDINGS PVT LTD.\nSurvey No.153-1 153-2226-2,229-2,230-2\nCoimbatore,TAMIL NADU 641201"}],"length":"32' Truck","tr_number":["D541E3"]}
{"pick_timestamp":"2022\/03\/03 20:00","customer_price":"49000.00","pic_address":[{"pic_address":"\nSy No: 77-2A3, S. Murugan Industrial and Logistics Parks LLP\nNear Magna Eng.College, Thamaraipakkam\nThiruvallur,TAMIL NADU 601103"}],"drop_address":[{"drop_address":"\nGanesh Complex, Rani Hati Amta Road\nPanchla,WEST BENGAL 711322"}],"length":"32' Truck","tr_number":["56E47A"]}
{"pick_timestamp":"2022\/03\/03 20:00","customer_price":"43925.00","pic_address":[{"pic_address":"\nSy No: 77-2A3, S. Murugan Industrial and Logistics Parks LLP\nNear Magna Eng.College, Thamaraipakkam\nThiruvallur,TAMIL NADU 601103"}],"drop_address":[{"drop_address":"\nKhasra numbers:444-P,445-P,459-P, 460-474,475-P,476-482\n483-P,491,492,493-P, Village Bhaukapur,Tehsil-Sarojini Nagar\nLucknow,UTTAR PRADESH 226401"}],"length":"32' Truck","tr_number":["C4212D"]}
{"pick_timestamp":"2022\/03\/04 02:00","customer_price":"37750.00","pic_address":[{"pic_address":"\nPlot 33 and 34, Arrjavv Industrial Warehouse Park,\nDankuni,WEST BENGAL 712310"}],"drop_address":[{"drop_address":"\nLK spaces, Rajlaxmi textile Park,Pogaon\nBhiwandi\nMumbai,MAHARASHTRA 421302"}],"length":"32' Truck","tr_number":["13FF79"]}
{"pick_timestamp":"2022\/03\/04 08:00","customer_price":"19800.00","pic_address":[{"pic_address":"\nSy No: 77-2A3, S. Murugan Industrial and Logistics Parks LLP\nNear Magna Eng.College, Thamaraipakkam\nThiruvallur,TAMIL NADU 601103"}],"drop_address":[{"drop_address":"\nBuilding No. B01\nESR Pune Estates Pvt Ltd\nChakan,MAHARASHTRA 410501"}],"length":"32' Truck","tr_number":["B8E568"]}
{"pick_timestamp":"2022\/03\/04 09:00","customer_price":"17809.00","pic_address":[{"pic_address":"\nPlot 33 and 34, Arrjavv Industrial Warehouse Park,\nDankuni,WEST BENGAL 712310"}],"drop_address":[{"drop_address":"\nBuilding Nos. 1 and 2, Agsons Global Logistics Park, Agsons\nSonipat,HARYANA 131021"}],"length":"32' Truck","tr_number":["D71A59"]}
{"pick_timestamp":"2022\/03\/04 10:00","customer_price":"6948.33","pic_address":[{"pic_address":"\nKh No 554 to 558,560 to 583,600 to 606\nBagru Rawan,N.H.8,Tehsil Sanganer\nBagru,RAJASTHAN 303007"}],"drop_address":[{"drop_address":"\nC\/o M\/s SYNDICATE GODOWN CORPORATION\nKhasra no. 6\/19\/2, 20,21,22,23\/2, 24\/1\nManesar,HARYANA 123413"}],"length":"32' Truck","tr_number":["54D8F5"]}
{"pick_timestamp":"2022\/03\/04 12:00","customer_price":"31500.00","pic_address":[{"pic_address":"\nWadhu Chonde Warehouse,Vadu Village, Alandi Rd,Lonikand\nPune,MAHARASHTRA 412216"}],"drop_address":[{"drop_address":"\nPudur Village,Medchal Mandal,Hyderabad\nTurkapally,TELANGANA 501401"}],"length":"32' Truck","tr_number":["065472"]}
{"pick_timestamp":"2022\/03\/04 15:00","customer_price":"60000.01","pic_address":[{"pic_address":"\nNo. 1\/B, IndoSpace Logistics Park, Puduvoyal, Durainallur Vi\nPonneri,TAMIL NADU 601206"}],"drop_address":[{"drop_address":"\nBuilding No. CCU1, Mouza, Amraberia,\nJ.L. No.8, Khatia No. 422, Ulberia Dist. Howrah\nKolkata,WEST BENGAL 711315"}],"length":"32' Truck","tr_number":["B9579A"]}
{"pick_timestamp":"2022\/03\/04 17:00","customer_price":"40000.00","pic_address":[{"pic_address":"\nF-2,Survey No. 122\/7c,122\/2,122\/1,118\/1,118\/7,131,Ayushi Spa\nMumbai -Nashik Highway , Post- Padgha,\nBhiwandi,MAHARASHTRA 421101"}],"drop_address":[{"drop_address":"\nFarrukhnagar Logistic Park LLP,Farrukhnagar\nGurugram,HARYANA 122001"}],"length":"32' Truck","tr_number":["4383FF"]}
{"pick_timestamp":"2022\/03\/04 18:00","customer_price":"5105.78","pic_address":[{"pic_address":"\nLK spaces, Rajlaxmi textile Park,Pogaon\nBhiwandi\nMumbai,MAHARASHTRA 421302"}],"drop_address":[{"drop_address":"\nPlot No1,MIDC CWC Telco Road, Pimpri Pune, PCMC Ward Non 21\nPimpri Chinchwad,MAHARASHTRA 411018"}],"length":"32' HQ Truck","tr_number":["85F12C"]}
{"pick_timestamp":"2022\/03\/04 19:00","customer_price":"27599.45","pic_address":[{"pic_address":"\nAmta Industrial Park, Amta\nMouza, Majukhetra\nKolkata,WEST BENGAL 711401"}],"drop_address":[{"drop_address":"\nAmta Industrial Park\nAmta,WEST BENGAL 711401"},{"drop_address":"\nNear Amazon\/TCI Express W\/h\nVillage - Kanchanbari, PO -Fulbari Hat\nJalpaiguri,West Bengal 734015"}],"length":"20' Truck","tr_number":["BEBA14"]}
{"pick_timestamp":"2022\/03\/04 19:00","customer_price":"25437.85","pic_address":[{"pic_address":"\nSy No: 77-2A3, S. Murugan Industrial and Logistics Parks LLP\nNear Magna Eng.College, Thamaraipakkam\nThiruvallur,TAMIL NADU 601103"}],"drop_address":[{"drop_address":"\nBROADVIEW CONSTRUCTIONS AND HOLDINGS PVT LTD.\nSurvey No.153-1 153-2226-2,229-2,230-2\nCoimbatore,TAMIL NADU 641201"}],"length":"32' Truck","tr_number":["5D71CC"]}
{"pick_timestamp":"2022\/03\/04 20:00","customer_price":"42000.00","pic_address":[{"pic_address":"\nSy No: 77-2A3, S. Murugan Industrial and Logistics Parks LLP\nNear Magna Eng.College, Thamaraipakkam\nThiruvallur,TAMIL NADU 601103"}],"drop_address":[{"drop_address":"\nKhasra numbers:444-P,445-P,459-P, 460-474,475-P,476-482\n483-P,491,492,493-P, Village Bhaukapur,Tehsil-Sarojini Nagar\nLucknow,UTTAR PRADESH 226401"}],"length":"32' Truck","tr_number":["356E29"]}
{"pick_timestamp":"2022\/03\/04 22:30","customer_price":"53550.00","pic_address":[{"pic_address":"\nBuilding No. CCU1, Mouza, Amraberia,\nJ.L. No.8, Khatia No. 422, Ulberia Dist. Howrah\nKolkata,WEST BENGAL 711315"}],"drop_address":[{"drop_address":"\nM\/s Suburb Residency Private Limited\nDahali,ASSAM 781132"}],"length":"32' Truck","tr_number":["3D9B71"]}
{"pick_timestamp":"2022\/03\/05 02:00","customer_price":"37250.01","pic_address":[{"pic_address":"\nPlot 33 and 34, Arrjavv Industrial Warehouse Park,\nDankuni,WEST BENGAL 712310"}],"drop_address":[{"drop_address":"\nLK spaces, Rajlaxmi textile Park,Pogaon\nBhiwandi\nMumbai,MAHARASHTRA 421302"}],"length":"32' Truck","tr_number":["625A08"]}
{"pick_timestamp":"2022\/03\/05 03:00","customer_price":"69750.00","pic_address":[{"pic_address":"\nMustkil No:51,kila No:1,2,3 village Bhangrola tehsil\nGurugram,HARYANA 122001"}],"drop_address":[{"drop_address":"\nCWC,Jatni,Near Centurion University, At-Sandhapur, P.O.Jatni\nBhubaneshwar,ORISSA 751010"}],"length":"32' Truck","tr_number":["7A3BF0"]}
{"pick_timestamp":"2022\/03\/05 08:00","customer_price":"25437.85","pic_address":[{"pic_address":"\nSy No: 77-2A3, S. Murugan Industrial and Logistics Parks LLP\nNear Magna Eng.College, Thamaraipakkam\nThiruvallur,TAMIL NADU 601103"}],"drop_address":[{"drop_address":"\nBROADVIEW CONSTRUCTIONS AND HOLDINGS PVT LTD.\nSurvey No.153-1 153-2226-2,229-2,230-2\nCoimbatore,TAMIL NADU 641201"}],"length":"32' Truck","tr_number":["9FB3D1"]}
{"pick_timestamp":"2022\/03\/05 09:00","customer_price":"17809.00","pic_address":[{"pic_address":"\nPlot 33 and 34, Arrjavv Industrial Warehouse Park,\nDankuni,WEST BENGAL 712310"}],"drop_address":[{"drop_address":"\nBuilding Nos. 1 and 2, Agsons Global Logistics Park, Agsons\nSonipat,HARYANA 131021"}],"length":"32' Truck","tr_number":["E18112"]}
{"pick_timestamp":"2022\/03\/07 19:00","customer_price":"27599.45","pic_address":[{"pic_address":"\nAmta Industrial Park, Amta\nMouza, Majukhetra\nKolkata,WEST BENGAL 711401"}],"drop_address":[{"drop_address":"\nAmta Industrial Park\nAmta,WEST BENGAL 711401"},{"drop_address":"\nNear Amazon\/TCI Express W\/h\nVillage - Kanchanbari, PO -Fulbari Hat\nJalpaiguri,West Bengal 734015"}],"length":"20' Truck","tr_number":["D9301D"]}
{"pick_timestamp":"2022\/03\/08 16:00","customer_price":"23000.00","pic_address":[{"pic_address":"\nGokaldas warehousing corporation, Village Taoru, Tehsil Taor\nGurgaon,HARYANA 122105"}],"drop_address":[{"drop_address":"\nKhasra numbers:444-P,445-P,459-P, 460-474,475-P,476-482\n483-P,491,492,493-P, Village Bhaukapur,Tehsil-Sarojini Nagar\nLucknow,UTTAR PRADESH 226401"}],"length":"32' Truck","tr_number":["FCD3B1"]}
{"pick_timestamp":"2022\/03\/11 19:00","customer_price":"27599.45","pic_address":[{"pic_address":"\nAmta Industrial Park, Amta\nMouza, Majukhetra\nKolkata,WEST BENGAL 711401"}],"drop_address":[{"drop_address":"\nAmta Industrial Park\nAmta,WEST BENGAL 711401"},{"drop_address":"\nNear Amazon\/TCI Express W\/h\nVillage - Kanchanbari, PO -Fulbari Hat\nJalpaiguri,West Bengal 734015"}],"length":"20' Truck","tr_number":["BBC899"]}
{"pick_timestamp":"2022\/03\/13 16:00","customer_price":"24000.00","pic_address":[{"pic_address":"\nGokaldas warehousing corporation, Village Taoru, Tehsil Taor\nGurgaon,HARYANA 122105"}],"drop_address":[{"drop_address":"\nKhasra numbers:444-P,445-P,459-P, 460-474,475-P,476-482\n483-P,491,492,493-P, Village Bhaukapur,Tehsil-Sarojini Nagar\nLucknow,UTTAR PRADESH 226401"}],"length":"32' Truck","tr_number":["6DB944"]}
{"pick_timestamp":"2022\/03\/14 06:00","customer_price":"20500.00","pic_address":[{"pic_address":"\nGokaldas warehousing corporation, Village Taoru, Tehsil Taor\nGurgaon,HARYANA 122105"}],"drop_address":[{"drop_address":"\nPlot no. 120 (X) and part portion of plot no. 119 (W2\nBavla,GUJARAT 382220"}],"length":"32' Truck","tr_number":["160B0E"]}
{"pick_timestamp":"2022\/03\/14 19:00","customer_price":"27599.45","pic_address":[{"pic_address":"\nAmta Industrial Park, Amta\nMouza, Majukhetra\nKolkata,WEST BENGAL 711401"}],"drop_address":[{"drop_address":"\nAmta Industrial Park\nAmta,WEST BENGAL 711401"},{"drop_address":"\nNear Amazon\/TCI Express W\/h\nVillage - Kanchanbari, PO -Fulbari Hat\nJalpaiguri,West Bengal 734015"}],"length":"20' Truck","tr_number":["F09D2F"]}
{"pick_timestamp":"2022\/03\/16 06:00","customer_price":"20250.00","pic_address":[{"pic_address":"\nGokaldas warehousing corporation, Village Taoru, Tehsil Taor\nGurgaon,HARYANA 122105"}],"drop_address":[{"drop_address":"\nPlot no. 120 (X) and part portion of plot no. 119 (W2\nBavla,GUJARAT 382220"}],"length":"32' Truck","tr_number":["725DA7"]}
{"pick_timestamp":"2022\/03\/18 19:00","customer_price":"27599.45","pic_address":[{"pic_address":"\nAmta Industrial Park, Amta\nMouza, Majukhetra\nKolkata,WEST BENGAL 711401"}],"drop_address":[{"drop_address":"\nAmta Industrial Park\nAmta,WEST BENGAL 711401"},{"drop_address":"\nNear Amazon\/TCI Express W\/h\nVillage - Kanchanbari, PO -Fulbari Hat\nJalpaiguri,West Bengal 734015"}],"length":"20' Truck","tr_number":["7C38C6"]}
{"pick_timestamp":"2022\/03\/21 19:00","customer_price":"27599.45","pic_address":[{"pic_address":"\nAmta Industrial Park, Amta\nMouza, Majukhetra\nKolkata,WEST BENGAL 711401"}],"drop_address":[{"drop_address":"\nAmta Industrial Park\nAmta,WEST BENGAL 711401"},{"drop_address":"\nNear Amazon\/TCI Express W\/h\nVillage - Kanchanbari, PO -Fulbari Hat\nJalpaiguri,West Bengal 734015"}],"length":"20' Truck","tr_number":["E329A3"]}
{"pick_timestamp":"2022\/03\/23 19:00","customer_price":"27599.45","pic_address":[{"pic_address":"\nAmta Industrial Park, Amta\nMouza, Majukhetra\nKolkata,WEST BENGAL 711401"}],"drop_address":[{"drop_address":"\nAmta Industrial Park\nAmta,WEST BENGAL 711401"},{"drop_address":"\nNear Amazon\/TCI Express W\/h\nVillage - Kanchanbari, PO -Fulbari Hat\nJalpaiguri,West Bengal 734015"}],"length":"20' Truck","tr_number":["3E961D"]}
{"pick_timestamp":"2022\/03\/25 19:00","customer_price":"27599.45","pic_address":[{"pic_address":"\nAmta Industrial Park, Amta\nMouza, Majukhetra\nKolkata,WEST BENGAL 711401"}],"drop_address":[{"drop_address":"\nAmta Industrial Park\nAmta,WEST BENGAL 711401"},{"drop_address":"\nNear Amazon\/TCI Express W\/h\nVillage - Kanchanbari, PO -Fulbari Hat\nJalpaiguri,West Bengal 734015"}],"length":"20' Truck","tr_number":["EAB1F3"]}
{"pick_timestamp":"2022\/03\/30 19:00","customer_price":"27599.45","pic_address":[{"pic_address":"\nAmta Industrial Park, Amta\nMouza, Majukhetra\nKolkata,WEST BENGAL 711401"}],"drop_address":[{"drop_address":"\nAmta Industrial Park\nAmta,WEST BENGAL 711401"},{"drop_address":"\nNear Amazon\/TCI Express W\/h\nVillage - Kanchanbari, PO -Fulbari Hat\nJalpaiguri,West Bengal 734015"}],"length":"20' Truck","tr_number":["422FF4"]}
Json all Data Size : 47
status code :200
response body :{"response":{"data":{"message":"Convert as booking threshold days limit not matched!"},"status":"0"}}
before Tr : ["74A9BE"]
After Tr : 74A9BE
actual_index_TR : 0
Status : 74A9BE
Clicked Booking Button : 0
Booking Clicked No Button : 0
status code :200
response body :{"response":{"data":{"message":"Convert as booking threshold days limit not matched!"},"status":"0"}}
before Tr : ["3C2904"]
After Tr : 3C2904
actual_index_TR : 1
Status : 3C2904
Clicked Booking Button : 1
Booking Clicked No Button : 1
status code :200
response body :{"response":{"data":{"message":"Successfully Updated the Booking amount"},"status":"1"}}
before Tr : ["DF2069"]
After Tr : DF2069
actual_index_TR : 2
Status : DF2069
status code :200
response body :{"response":{"data":{"message":"Successfully Updated the Booking amount"},"status":"1"}}
before Tr : ["F16544"]
After Tr : F16544
actual_index_TR : 3
Status : F16544
status code :200
response body :{"response":{"data":{"message":"Successfully Updated the Booking amount"},"status":"1"}}
before Tr : ["FA6874","C4BBC3"]
After Tr : FA6874
actual_index_TR : 4
Status : FA6874
status code :200
response body :{"response":{"data":{"message":"Successfully Updated the Booking amount"},"status":"1"}}
before Tr : ["F66CAD"]
After Tr : F66CAD
actual_index_TR : 5
Status : F66CAD
status code :200
response body :{"response":{"data":{"message":"Successfully Updated the Booking amount"},"status":"1"}}
before Tr : ["3D6B53"]
After Tr : 3D6B53
actual_index_TR : 6
Status : 3D6B53
status code :200
response body :{"response":{"data":{"message":"Successfully Updated the Booking amount"},"status":"1"}}
before Tr : ["1CC67B"]
After Tr : 1CC67B
actual_index_TR : 7
Status : 1CC67B
status code :200
response body :{"response":{"data":{"message":"Successfully Updated the Booking amount"},"status":"1"}}
before Tr : ["C77765"]
After Tr : C77765
actual_index_TR : 8
Status : C77765
status code :200
response body :{"response":{"data":{"message":"Successfully Updated the Booking amount"},"status":"1"}}
before Tr : ["AED3CB"]
After Tr : AED3CB
actual_index_TR : 9
Status : AED3CB
status code :200
response body :{"response":{"data":{"message":"Successfully Updated the Booking amount"},"status":"1"}}
before Tr : ["11C5F9"]
After Tr : 11C5F9
actual_index_TR : 10
Status : 11C5F9
status code :200
response body :{"response":{"data":{"message":"Successfully Updated the Booking amount"},"status":"1"}}
before Tr : ["E39537"]
After Tr : E39537
actual_index_TR : 11
Status : E39537
status code :200
response body :{"response":{"data":{"message":"Successfully Updated the Booking amount"},"status":"1"}}
before Tr : ["432B7A"]
After Tr : 432B7A
actual_index_TR : 12
Status : 432B7A
status code :200
response body :{"response":{"data":{"message":"Successfully Updated the Booking amount"},"status":"1"}}
before Tr : ["7B5FAC"]
After Tr : 7B5FAC
actual_index_TR : 13
Status : 7B5FAC
status code :200
response body :{"response":{"data":{"message":"Successfully Updated the Booking amount"},"status":"1"}}
before Tr : ["3E986C"]
After Tr : 3E986C
actual_index_TR : 14
Status : 3E986C
status code :200
response body :{"response":{"data":{"message":"Successfully Updated the Booking amount"},"status":"1"}}
before Tr : ["B7CEC8"]
After Tr : B7CEC8
actual_index_TR : 15
Status : B7CEC8
status code :200
response body :{"response":{"data":{"message":"Successfully Updated the Booking amount"},"status":"1"}}
before Tr : ["D541E3"]
After Tr : D541E3
actual_index_TR : 16
Status : D541E3
status code :200
response body :{"response":{"data":{"message":"Successfully Updated the Booking amount"},"status":"1"}}
before Tr : ["56E47A"]
After Tr : 56E47A
actual_index_TR : 17
Status : 56E47A
status code :200
response body :{"response":{"data":{"message":"Successfully Updated the Booking amount"},"status":"1"}}
before Tr : ["C4212D"]
After Tr : C4212D
actual_index_TR : 18
Status : C4212D
status code :200
response body :{"response":{"data":{"message":"Convert as booking threshold days limit not matched!"},"status":"0"}}
before Tr : ["13FF79"]
After Tr : 13FF79
actual_index_TR : 19
Status : 13FF79
Clicked Booking Button : 19
Booking Clicked No Button : 19
status code :200
response body :{"response":{"data":{"message":"Convert as booking threshold days limit not matched!"},"status":"0"}}
before Tr : ["B8E568"]
After Tr : B8E568
actual_index_TR : 20
Status : B8E568
Clicked Booking Button : 20
Booking Clicked No Button : 20
status code :200
response body :{"response":{"data":{"message":"Convert as booking threshold days limit not matched!"},"status":"0"}}
before Tr : ["D71A59"]
After Tr : D71A59
actual_index_TR : 21
Status : D71A59
Clicked Booking Button : 21
Booking Clicked No Button : 21
status code :200
response body :{"response":{"data":{"message":"Convert as booking threshold days limit not matched!"},"status":"0"}}
before Tr : ["54D8F5"]
After Tr : 54D8F5
actual_index_TR : 22
Status : 54D8F5
Clicked Booking Button : 22
Booking Clicked No Button : 22
status code :200
response body :{"response":{"data":{"message":"Convert as booking threshold days limit not matched!"},"status":"0"}}
before Tr : ["065472"]
After Tr : 065472
actual_index_TR : 23
Status : 065472
Clicked Booking Button : 23
Booking Clicked No Button : 23
status code :200
response body :{"response":{"data":{"message":"Convert as booking threshold days limit not matched!"},"status":"0"}}
before Tr : ["B9579A"]
After Tr : B9579A
actual_index_TR : 24
Status : B9579A
Clicked Booking Button : 24
Booking Clicked No Button : 24
status code :200
response body :{"response":{"data":{"message":"Convert as booking threshold days limit not matched!"},"status":"0"}}
before Tr : ["4383FF"]
After Tr : 4383FF
actual_index_TR : 25
Status : 4383FF
Clicked Booking Button : 25
Booking Clicked No Button : 25
status code :200
response body :{"response":{"data":{"message":"Convert as booking threshold days limit not matched!"},"status":"0"}}
before Tr : ["85F12C"]
After Tr : 85F12C
actual_index_TR : 26
Status : 85F12C
Clicked Booking Button : 26
Booking Clicked No Button : 26
status code :200
response body :{"response":{"data":{"message":"Convert as booking threshold days limit not matched!"},"status":"0"}}
before Tr : ["BEBA14"]
After Tr : BEBA14
actual_index_TR : 27
Status : BEBA14
Clicked Booking Button : 27
Booking Clicked No Button : 27
status code :200
response body :{"response":{"data":{"message":"Convert as booking threshold days limit not matched!"},"status":"0"}}
before Tr : ["5D71CC"]
After Tr : 5D71CC
actual_index_TR : 28
Status : 5D71CC
Clicked Booking Button : 28
Booking Clicked No Button : 28
status code :200
response body :{"response":{"data":{"message":"Convert as booking threshold days limit not matched!"},"status":"0"}}
before Tr : ["356E29"]
After Tr : 356E29
actual_index_TR : 29
Status : 356E29
Clicked Booking Button : 29
Booking Clicked No Button : 29
status code :200
response body :{"response":{"data":{"message":"Convert as booking threshold days limit not matched!"},"status":"0"}}
before Tr : ["3D9B71"]
After Tr : 3D9B71
actual_index_TR : 30
Status : 3D9B71
Clicked Booking Button : 30
Booking Clicked No Button : 30
status code :200
response body :{"response":{"data":{"message":"Convert as booking threshold days limit not matched!"},"status":"0"}}
before Tr : ["625A08"]
After Tr : 625A08
actual_index_TR : 31
Status : 625A08
Clicked Booking Button : 31
Booking Clicked No Button : 31
status code :200
response body :{"response":{"data":{"message":"Convert as booking threshold days limit not matched!"},"status":"0"}}
before Tr : ["7A3BF0"]
After Tr : 7A3BF0
actual_index_TR : 32
Status : 7A3BF0
Clicked Booking Button : 32
Booking Clicked No Button : 32
status code :200
response body :{"response":{"data":{"message":"Convert as booking threshold days limit not matched!"},"status":"0"}}
before Tr : ["9FB3D1"]
After Tr : 9FB3D1
actual_index_TR : 33
Status : 9FB3D1
Clicked Booking Button : 33
Booking Clicked No Button : 33
status code :200
response body :{"response":{"data":{"message":"Convert as booking threshold days limit not matched!"},"status":"0"}}
before Tr : ["E18112"]
After Tr : E18112
actual_index_TR : 34
Status : E18112
Clicked Booking Button : 34
Booking Clicked No Button : 34
status code :200
response body :{"response":{"data":{"message":"Convert as booking threshold days limit not matched!"},"status":"0"}}
before Tr : ["D9301D"]
After Tr : D9301D
actual_index_TR : 35
Status : D9301D
Clicked Booking Button : 35
Booking Clicked No Button : 35
status code :200
response body :{"response":{"data":{"message":"Successfully Updated the Booking amount"},"status":"1"}}
before Tr : ["FCD3B1"]
After Tr : FCD3B1
actual_index_TR : 36
Status : FCD3B1
status code :200
response body :{"response":{"data":{"message":"Convert as booking threshold days limit not matched!"},"status":"0"}}
before Tr : ["BBC899"]
After Tr : BBC899
actual_index_TR : 37
Status : BBC899
Clicked Booking Button : 37
Booking Clicked No Button : 37
status code :200
response body :{"response":{"data":{"message":"Convert as booking threshold days limit not matched!"},"status":"0"}}
before Tr : ["6DB944"]
After Tr : 6DB944
actual_index_TR : 38
Status : 6DB944
Clicked Booking Button : 38
Booking Clicked No Button : 38
status code :200
response body :{"response":{"data":{"message":"Convert as booking threshold days limit not matched!"},"status":"0"}}
before Tr : ["160B0E"]
After Tr : 160B0E
actual_index_TR : 39
Status : 160B0E
Clicked Booking Button : 39
Booking Clicked No Button : 39
status code :200
response body :{"response":{"data":{"message":"Convert as booking threshold days limit not matched!"},"status":"0"}}
before Tr : ["F09D2F"]
After Tr : F09D2F
actual_index_TR : 40
Status : F09D2F
Clicked Booking Button : 40
Booking Clicked No Button : 40
status code :200
response body :{"response":{"data":{"message":"Convert as booking threshold days limit not matched!"},"status":"0"}}
before Tr : ["725DA7"]
After Tr : 725DA7
actual_index_TR : 41
Status : 725DA7
Clicked Booking Button : 41
Booking Clicked No Button : 41
status code :200
response body :{"response":{"data":{"message":"Convert as booking threshold days limit not matched!"},"status":"0"}}
before Tr : ["7C38C6"]
After Tr : 7C38C6
actual_index_TR : 42
Status : 7C38C6
Clicked Booking Button : 42
Booking Clicked No Button : 42
status code :200
response body :{"response":{"data":{"message":"Convert as booking threshold days limit not matched!"},"status":"0"}}
before Tr : ["E329A3"]
After Tr : E329A3
actual_index_TR : 43
Status : E329A3
Clicked Booking Button : 43
Booking Clicked No Button : 43
status code :200
response body :{"response":{"data":{"message":"Convert as booking threshold days limit not matched!"},"status":"0"}}
before Tr : ["3E961D"]
After Tr : 3E961D
actual_index_TR : 44
Status : 3E961D
Clicked Booking Button : 44
Booking Clicked No Button : 44
status code :200
response body :{"response":{"data":{"message":"Convert as booking threshold days limit not matched!"},"status":"0"}}
before Tr : ["EAB1F3"]
After Tr : EAB1F3
actual_index_TR : 45
Status : EAB1F3
Clicked Booking Button : 45
Booking Clicked No Button : 45
status code :200
response body :{"response":{"data":{"message":"Convert as booking threshold days limit not matched!"},"status":"0"}}
before Tr : ["422FF4"]
After Tr : 422FF4
actual_index_TR : 46
Status : 422FF4
Clicked Booking Button : 46
Booking Clicked No Button : 46
]]></system-out>
    <system-err><![CDATA[SLF4J: Failed to load class "org.slf4j.impl.StaticLoggerBinder".
SLF4J: Defaulting to no-operation (NOP) logger implementation
SLF4J: See http://www.slf4j.org/codes.html#StaticLoggerBinder for further details.
Starting ChromeDriver 98.0.4758.102 (273bf7ac8c909cde36982d27f66f3c70846a3718-refs/branch-heads/4758@{#1151}) on port 10781
Only local connections are allowed.
Please see https://chromedriver.chromium.org/security-considerations for suggestions on keeping ChromeDriver safe.
ChromeDriver was started successfully.
Mar 01, 2022 10:38:05 AM org.openqa.selenium.remote.ProtocolHandshake createSession
INFO: Detected dialect: W3C
]]></system-err>
  </testcase>
</testsuite>