<?xml version="1.0" encoding="UTF-8"?>
<!-- Generated by org.testng.reporters.JUnitReportReporter -->
<testsuite skipped="0" hostname="DESKTOP-A6KN624" name="amazon.ExecuteClass" tests="1" failures="0" timestamp="01 Mar 2022 05:12:30 GMT" time="270.476" errors="0">
  <testcase name="amazon_relay" time="270.476" classname="amazon.ExecuteClass"/>
</testsuite> <!-- amazon.ExecuteClass -->
